<?xml version="1.0" encoding="UTF-8"?>
<testsuite name="com.example.chatapp.ExampleUnitTest" tests="1" skipped="0" failures="0" errors="0" timestamp="2023-10-24T12:33:54" hostname="DESKTOP-F60AHI1" time="0.003">
  <properties/>
  <testcase name="addition_isCorrect" classname="com.example.chatapp.ExampleUnitTest" time="0.003"/>
  <system-out><![CDATA[]]></system-out>
  <system-err><![CDATA[]]></system-err>
</testsuite>
